{
  "RSpec": {
    "coverage": {
      "/Users/hugosykes/Makers/week10/gilded-rose/spec/gilded_rose_spec.rb": [
        1,
        null,
        1,
        null,
        1,
        1,
        1,
        1,
        1,
        null,
        null,
        null,
        1,
        null,
        1,
        1,
        1,
        1,
        1,
        null,
        null,
        1,
        1,
        1,
        1,
        null,
        null,
        1,
        1,
        1,
        1,
        null,
        null,
        1,
        1,
        1,
        1,
        null,
        null,
        1,
        1,
        1,
        1,
        null,
        null,
        1,
        1,
        1,
        1,
        null,
        null,
        1,
        1,
        1,
        1,
        null,
        null,
        null,
        1,
        1,
        1,
        1,
        1,
        null,
        null,
        1,
        1,
        1,
        1,
        null,
        null,
        1,
        1,
        1,
        1,
        null,
        null,
        1,
        1,
        1,
        1,
        null,
        null,
        1,
        1,
        1,
        1,
        null,
        null,
        null,
        1,
        1,
        1,
        1,
        1,
        null,
        null,
        1,
        1,
        1,
        1,
        null,
        null,
        1,
        1,
        1,
        1,
        null,
        null,
        null,
        1,
        1,
        1,
        1,
        1,
        null,
        null,
        1,
        1,
        1,
        1,
        null,
        null,
        1,
        1,
        1,
        1,
        null,
        null,
        1,
        1,
        1,
        1,
        null,
        null,
        1,
        1,
        1,
        1,
        null,
        null,
        1,
        1,
        1,
        1,
        null,
        null,
        1,
        1,
        1,
        1,
        null,
        null,
        1,
        1,
        1,
        1,
        null,
        null,
        1,
        1,
        1,
        1,
        null,
        null,
        1,
        1,
        1,
        1,
        null,
        null,
        null,
        null
      ],
      "/Users/hugosykes/Makers/week10/gilded-rose/gilded_rose.rb": [
        1,
        null,
        1,
        26,
        null,
        null,
        1,
        26,
        26,
        null,
        5,
        null,
        10,
        null,
        11,
        null,
        26,
        null,
        null,
        null,
        1,
        5,
        5,
        1,
        null,
        null,
        null,
        1,
        11,
        8,
        8,
        2,
        null,
        null,
        null,
        1,
        10,
        10,
        10,
        10,
        10,
        null,
        null,
        null,
        1,
        1,
        null,
        1,
        26,
        26,
        26,
        null,
        null,
        1,
        1,
        null,
        null
      ]
    },
    "timestamp": 1511872667
  }
}
